<?xml version="1.0" encoding="UTF-8"?>
<testsuite name="ComputerRepairRequestTest" tests="2" skipped="0" failures="0" errors="0" timestamp="2023-03-07T11:07:12" hostname="DESKTOP-ER9407B" time="0.024">
  <properties/>
  <testcase name="Fist Test" classname="ComputerRepairRequestTest" time="0.022"/>
  <testcase name="Test Exemplu" classname="ComputerRepairRequestTest" time="0.001"/>
  <system-out><![CDATA[]]></system-out>
  <system-err><![CDATA[]]></system-err>
</testsuite>
